<?xml version="1.0" encoding="UTF-8"?>
<!-- Generated by org.testng.reporters.JUnitXMLReporter -->
<testsuite ignored="4" hostname="LTIN281028" failures="0" tests="14" name="ChromeTest" time="105.24" errors="0" timestamp="2024-03-11T10:33:27 IST">
  <testcase classname="TestCases.TC_001_FindDoctors" name="TC_001_verifyPractoPage" time="0.153"/>
  <testcase classname="TestCases.TC_001_FindDoctors" name="TC_002_verifyFindDoctorbtn" time="4.405"/>
  <testcase classname="TestCases.TC_001_FindDoctors" name="TC_003_searchCity" time="0.515"/>
  <testcase classname="TestCases.TC_001_FindDoctors" name="TC_004_searchSpecialityDentist" time="6.1"/>
  <testcase classname="TestCases.TC_001_FindDoctors" name="TC_005_selectPatientStory" time="1.324"/>
  <testcase classname="TestCases.TC_001_FindDoctors" name="TC_006_selectExperience" time="1.463"/>
  <testcase classname="TestCases.TC_001_FindDoctors" name="TC_007_selectFeesandAvailability" time="4.412"/>
  <testcase classname="TestCases.TC_001_FindDoctors" name="TC_008_selectRelevance" time="2.943"/>
  <testcase classname="TestCases.TC_001_FindDoctors" name="TC_09_extractDoctorDetails" time="17.245"/>
  <testcase classname="TestCases.TC_002_PopularSurgeries" name="TC_010_displayAllSurgeries" time="2.823"/>
  <testcase classname="TestCases.TC_003_HealthandWellness" name="TC_011_verifywithInavlidPhoneNumber" time="6.721"/>
  <testcase classname="TestCases.TC_003_HealthandWellness" name="TC_012_verifywithInvalidEmailId" time="0.511"/>
  <testcase classname="TestCases.TC_003_HealthandWellness" name="TC_013_verifywithValidInfo" time="0.552"/>
  <testcase classname="TestCases.TC_003_HealthandWellness" name="TC_014_verifyThankYouTxt" time="24.355"/>
  <testcase classname="TestBase.BaseClass" name="@BeforeTest setupDriver" time="0.0">
    <ignored/>
  </testcase> <!-- @BeforeTest setupDriver -->
  <testcase classname="TestBase.BaseClass" name="@BeforeTest setupDriver" time="0.0">
    <ignored/>
  </testcase> <!-- @BeforeTest setupDriver -->
  <testcase classname="TestBase.BaseClass" name="@AfterTest tearDown" time="0.0">
    <ignored/>
  </testcase> <!-- @AfterTest tearDown -->
  <testcase classname="TestBase.BaseClass" name="@AfterTest tearDown" time="0.0">
    <ignored/>
  </testcase> <!-- @AfterTest tearDown -->
</testsuite> <!-- ChromeTest -->
