<?xml version="1.0" encoding="UTF-8"?>
<testng-results ignored="4" total="18" passed="14" failed="0" skipped="0">
  <reporter-output>
  </reporter-output>
  <suite started-at="2024-03-11T10:31:42 IST" name="Suite" finished-at="2024-03-11T10:33:27 IST" duration-ms="105240">
    <groups>
      <group name="regression">
        <method signature="TC_001_FindDoctors.TC_002_verifyFindDoctorbtn()[pri:2, instance:TestCases.TC_001_FindDoctors@384ad17b]" name="TC_002_verifyFindDoctorbtn" class="TestCases.TC_001_FindDoctors"/>
        <method signature="TC_001_FindDoctors.TC_003_searchCity()[pri:3, instance:TestCases.TC_001_FindDoctors@384ad17b]" name="TC_003_searchCity" class="TestCases.TC_001_FindDoctors"/>
        <method signature="TC_001_FindDoctors.TC_004_searchSpecialityDentist()[pri:4, instance:TestCases.TC_001_FindDoctors@384ad17b]" name="TC_004_searchSpecialityDentist" class="TestCases.TC_001_FindDoctors"/>
        <method signature="TC_001_FindDoctors.TC_005_selectPatientStory()[pri:5, instance:TestCases.TC_001_FindDoctors@384ad17b]" name="TC_005_selectPatientStory" class="TestCases.TC_001_FindDoctors"/>
        <method signature="TC_001_FindDoctors.TC_006_selectExperience()[pri:6, instance:TestCases.TC_001_FindDoctors@384ad17b]" name="TC_006_selectExperience" class="TestCases.TC_001_FindDoctors"/>
        <method signature="TC_001_FindDoctors.TC_007_selectFeesandAvailability()[pri:7, instance:TestCases.TC_001_FindDoctors@384ad17b]" name="TC_007_selectFeesandAvailability" class="TestCases.TC_001_FindDoctors"/>
        <method signature="TC_001_FindDoctors.TC_008_selectRelevance()[pri:8, instance:TestCases.TC_001_FindDoctors@384ad17b]" name="TC_008_selectRelevance" class="TestCases.TC_001_FindDoctors"/>
        <method signature="TC_001_FindDoctors.TC_09_extractDoctorDetails()[pri:9, instance:TestCases.TC_001_FindDoctors@384ad17b]" name="TC_09_extractDoctorDetails" class="TestCases.TC_001_FindDoctors"/>
        <method signature="TC_002_PopularSurgeries.TC_010_displayAllSurgeries()[pri:10, instance:TestCases.TC_002_PopularSurgeries@52e6fdee]" name="TC_010_displayAllSurgeries" class="TestCases.TC_002_PopularSurgeries"/>
      </group> <!-- regression -->
      <group name="sanity">
        <method signature="TC_001_FindDoctors.TC_001_verifyPractoPage()[pri:1, instance:TestCases.TC_001_FindDoctors@384ad17b]" name="TC_001_verifyPractoPage" class="TestCases.TC_001_FindDoctors"/>
        <method signature="TC_003_HealthandWellness.TC_011_verifywithInavlidPhoneNumber()[pri:11, instance:TestCases.TC_003_HealthandWellness@6c80d78a]" name="TC_011_verifywithInavlidPhoneNumber" class="TestCases.TC_003_HealthandWellness"/>
        <method signature="TC_003_HealthandWellness.TC_012_verifywithInvalidEmailId()[pri:12, instance:TestCases.TC_003_HealthandWellness@6c80d78a]" name="TC_012_verifywithInvalidEmailId" class="TestCases.TC_003_HealthandWellness"/>
        <method signature="TC_003_HealthandWellness.TC_013_verifywithValidInfo()[pri:13, instance:TestCases.TC_003_HealthandWellness@6c80d78a]" name="TC_013_verifywithValidInfo" class="TestCases.TC_003_HealthandWellness"/>
        <method signature="TC_003_HealthandWellness.TC_014_verifyThankYouTxt()[pri:14, instance:TestCases.TC_003_HealthandWellness@6c80d78a]" name="TC_014_verifyThankYouTxt" class="TestCases.TC_003_HealthandWellness"/>
      </group> <!-- sanity -->
      <group name="master">
        <method signature="TC_001_FindDoctors.TC_001_verifyPractoPage()[pri:1, instance:TestCases.TC_001_FindDoctors@384ad17b]" name="TC_001_verifyPractoPage" class="TestCases.TC_001_FindDoctors"/>
        <method signature="TC_001_FindDoctors.TC_002_verifyFindDoctorbtn()[pri:2, instance:TestCases.TC_001_FindDoctors@384ad17b]" name="TC_002_verifyFindDoctorbtn" class="TestCases.TC_001_FindDoctors"/>
        <method signature="TC_001_FindDoctors.TC_003_searchCity()[pri:3, instance:TestCases.TC_001_FindDoctors@384ad17b]" name="TC_003_searchCity" class="TestCases.TC_001_FindDoctors"/>
        <method signature="TC_001_FindDoctors.TC_004_searchSpecialityDentist()[pri:4, instance:TestCases.TC_001_FindDoctors@384ad17b]" name="TC_004_searchSpecialityDentist" class="TestCases.TC_001_FindDoctors"/>
        <method signature="TC_001_FindDoctors.TC_005_selectPatientStory()[pri:5, instance:TestCases.TC_001_FindDoctors@384ad17b]" name="TC_005_selectPatientStory" class="TestCases.TC_001_FindDoctors"/>
        <method signature="TC_001_FindDoctors.TC_006_selectExperience()[pri:6, instance:TestCases.TC_001_FindDoctors@384ad17b]" name="TC_006_selectExperience" class="TestCases.TC_001_FindDoctors"/>
        <method signature="TC_001_FindDoctors.TC_007_selectFeesandAvailability()[pri:7, instance:TestCases.TC_001_FindDoctors@384ad17b]" name="TC_007_selectFeesandAvailability" class="TestCases.TC_001_FindDoctors"/>
        <method signature="TC_001_FindDoctors.TC_008_selectRelevance()[pri:8, instance:TestCases.TC_001_FindDoctors@384ad17b]" name="TC_008_selectRelevance" class="TestCases.TC_001_FindDoctors"/>
        <method signature="TC_001_FindDoctors.TC_09_extractDoctorDetails()[pri:9, instance:TestCases.TC_001_FindDoctors@384ad17b]" name="TC_09_extractDoctorDetails" class="TestCases.TC_001_FindDoctors"/>
        <method signature="TC_002_PopularSurgeries.TC_010_displayAllSurgeries()[pri:10, instance:TestCases.TC_002_PopularSurgeries@52e6fdee]" name="TC_010_displayAllSurgeries" class="TestCases.TC_002_PopularSurgeries"/>
        <method signature="TC_003_HealthandWellness.TC_011_verifywithInavlidPhoneNumber()[pri:11, instance:TestCases.TC_003_HealthandWellness@6c80d78a]" name="TC_011_verifywithInavlidPhoneNumber" class="TestCases.TC_003_HealthandWellness"/>
        <method signature="TC_003_HealthandWellness.TC_012_verifywithInvalidEmailId()[pri:12, instance:TestCases.TC_003_HealthandWellness@6c80d78a]" name="TC_012_verifywithInvalidEmailId" class="TestCases.TC_003_HealthandWellness"/>
        <method signature="TC_003_HealthandWellness.TC_013_verifywithValidInfo()[pri:13, instance:TestCases.TC_003_HealthandWellness@6c80d78a]" name="TC_013_verifywithValidInfo" class="TestCases.TC_003_HealthandWellness"/>
        <method signature="TC_003_HealthandWellness.TC_014_verifyThankYouTxt()[pri:14, instance:TestCases.TC_003_HealthandWellness@6c80d78a]" name="TC_014_verifyThankYouTxt" class="TestCases.TC_003_HealthandWellness"/>
      </group> <!-- master -->
    </groups>
    <test started-at="2024-03-11T10:31:42 IST" name="ChromeTest" finished-at="2024-03-11T10:33:27 IST" duration-ms="105240">
      <class name="TestCases.TC_001_FindDoctors">
        <test-method is-config="true" signature="setupDriver(java.lang.String,java.lang.String)[pri:0, instance:TestCases.TC_001_FindDoctors@384ad17b]" started-at="2024-03-11T10:31:42 IST" name="setupDriver" finished-at="2024-03-11T10:32:02 IST" duration-ms="19305" status="PASS">
          <params>
            <param index="0">
              <value>
                <![CDATA[windows]]>
              </value>
            </param>
            <param index="1">
              <value>
                <![CDATA[chrome]]>
              </value>
            </param>
          </params>
          <reporter-output>
          </reporter-output>
        </test-method> <!-- setupDriver -->
        <test-method signature="TC_001_verifyPractoPage()[pri:1, instance:TestCases.TC_001_FindDoctors@384ad17b]" started-at="2024-03-11T10:32:02 IST" name="TC_001_verifyPractoPage" finished-at="2024-03-11T10:32:02 IST" duration-ms="153" status="PASS">
          <reporter-output>
          </reporter-output>
        </test-method> <!-- TC_001_verifyPractoPage -->
        <test-method signature="TC_002_verifyFindDoctorbtn()[pri:2, instance:TestCases.TC_001_FindDoctors@384ad17b]" started-at="2024-03-11T10:32:02 IST" name="TC_002_verifyFindDoctorbtn" finished-at="2024-03-11T10:32:07 IST" duration-ms="4405" status="PASS">
          <reporter-output>
          </reporter-output>
        </test-method> <!-- TC_002_verifyFindDoctorbtn -->
        <test-method signature="TC_003_searchCity()[pri:3, instance:TestCases.TC_001_FindDoctors@384ad17b]" started-at="2024-03-11T10:32:07 IST" name="TC_003_searchCity" finished-at="2024-03-11T10:32:08 IST" duration-ms="515" status="PASS">
          <reporter-output>
          </reporter-output>
        </test-method> <!-- TC_003_searchCity -->
        <test-method signature="TC_004_searchSpecialityDentist()[pri:4, instance:TestCases.TC_001_FindDoctors@384ad17b]" started-at="2024-03-11T10:32:08 IST" name="TC_004_searchSpecialityDentist" finished-at="2024-03-11T10:32:14 IST" duration-ms="6100" status="PASS">
          <reporter-output>
          </reporter-output>
        </test-method> <!-- TC_004_searchSpecialityDentist -->
        <test-method signature="TC_005_selectPatientStory()[pri:5, instance:TestCases.TC_001_FindDoctors@384ad17b]" started-at="2024-03-11T10:32:14 IST" name="TC_005_selectPatientStory" finished-at="2024-03-11T10:32:16 IST" duration-ms="1324" status="PASS">
          <reporter-output>
          </reporter-output>
        </test-method> <!-- TC_005_selectPatientStory -->
        <test-method signature="TC_006_selectExperience()[pri:6, instance:TestCases.TC_001_FindDoctors@384ad17b]" started-at="2024-03-11T10:32:18 IST" name="TC_006_selectExperience" finished-at="2024-03-11T10:32:19 IST" duration-ms="1463" status="PASS">
          <reporter-output>
          </reporter-output>
        </test-method> <!-- TC_006_selectExperience -->
        <test-method signature="TC_007_selectFeesandAvailability()[pri:7, instance:TestCases.TC_001_FindDoctors@384ad17b]" started-at="2024-03-11T10:32:21 IST" name="TC_007_selectFeesandAvailability" finished-at="2024-03-11T10:32:26 IST" duration-ms="4412" status="PASS">
          <reporter-output>
          </reporter-output>
        </test-method> <!-- TC_007_selectFeesandAvailability -->
        <test-method signature="TC_008_selectRelevance()[pri:8, instance:TestCases.TC_001_FindDoctors@384ad17b]" started-at="2024-03-11T10:32:28 IST" name="TC_008_selectRelevance" finished-at="2024-03-11T10:32:31 IST" duration-ms="2943" status="PASS">
          <reporter-output>
          </reporter-output>
        </test-method> <!-- TC_008_selectRelevance -->
        <test-method signature="TC_09_extractDoctorDetails()[pri:9, instance:TestCases.TC_001_FindDoctors@384ad17b]" started-at="2024-03-11T10:32:31 IST" name="TC_09_extractDoctorDetails" finished-at="2024-03-11T10:32:48 IST" duration-ms="17245" status="PASS">
          <reporter-output>
          </reporter-output>
        </test-method> <!-- TC_09_extractDoctorDetails -->
        <test-method is-config="true" signature="tearDown()[pri:0, instance:TestCases.TC_001_FindDoctors@384ad17b]" started-at="2024-03-11T10:33:26 IST" name="tearDown" finished-at="2024-03-11T10:33:27 IST" duration-ms="1439" status="PASS">
          <reporter-output>
          </reporter-output>
        </test-method> <!-- tearDown -->
      </class> <!-- TestCases.TC_001_FindDoctors -->
      <class name="TestCases.TC_003_HealthandWellness">
        <test-method signature="TC_011_verifywithInavlidPhoneNumber()[pri:11, instance:TestCases.TC_003_HealthandWellness@6c80d78a]" started-at="2024-03-11T10:32:52 IST" name="TC_011_verifywithInavlidPhoneNumber" finished-at="2024-03-11T10:32:59 IST" duration-ms="6721" status="PASS">
          <reporter-output>
          </reporter-output>
        </test-method> <!-- TC_011_verifywithInavlidPhoneNumber -->
        <test-method signature="TC_012_verifywithInvalidEmailId()[pri:12, instance:TestCases.TC_003_HealthandWellness@6c80d78a]" started-at="2024-03-11T10:32:59 IST" name="TC_012_verifywithInvalidEmailId" finished-at="2024-03-11T10:33:00 IST" duration-ms="511" status="PASS">
          <reporter-output>
          </reporter-output>
        </test-method> <!-- TC_012_verifywithInvalidEmailId -->
        <test-method signature="TC_013_verifywithValidInfo()[pri:13, instance:TestCases.TC_003_HealthandWellness@6c80d78a]" started-at="2024-03-11T10:33:00 IST" name="TC_013_verifywithValidInfo" finished-at="2024-03-11T10:33:00 IST" duration-ms="552" status="PASS">
          <reporter-output>
          </reporter-output>
        </test-method> <!-- TC_013_verifywithValidInfo -->
        <test-method signature="TC_014_verifyThankYouTxt()[pri:14, instance:TestCases.TC_003_HealthandWellness@6c80d78a]" started-at="2024-03-11T10:33:01 IST" name="TC_014_verifyThankYouTxt" finished-at="2024-03-11T10:33:25 IST" duration-ms="24355" status="PASS">
          <reporter-output>
          </reporter-output>
        </test-method> <!-- TC_014_verifyThankYouTxt -->
      </class> <!-- TestCases.TC_003_HealthandWellness -->
      <class name="TestCases.TC_002_PopularSurgeries">
        <test-method signature="TC_010_displayAllSurgeries()[pri:10, instance:TestCases.TC_002_PopularSurgeries@52e6fdee]" started-at="2024-03-11T10:32:49 IST" name="TC_010_displayAllSurgeries" finished-at="2024-03-11T10:32:51 IST" duration-ms="2823" status="PASS">
          <reporter-output>
          </reporter-output>
        </test-method> <!-- TC_010_displayAllSurgeries -->
      </class> <!-- TestCases.TC_002_PopularSurgeries -->
    </test> <!-- ChromeTest -->
  </suite> <!-- Suite -->
</testng-results>
